isr16550 
oalioctl 
fpcrt 
regextdev 
commdlg 
shell 
loaddbg 
DllHeapInfoExt 
relfsd 
relfsdext 
lpcd 
lpcrt 
secur32 
credsvc 
credprov 
prnerr 
ws2 
iri 
rnaapp 
connmc 
ndispwr 
netui 
CmNet 
CmService 
CmCspIp 
CmCspWwan 
CmCspRas 
WsCmExt 
ProxySvc 
ProxyDBS 
RmNet 
RspBasic 
RspCellular 
asyncmac 
unimodem 
servicesFilter 
servicesStart 
servicesenum 
services 
cxport 
ndis 
ceddk 
rpcrt4 
nsi 
nsiproxy 
winnsi 
nsisvc 
tcpipreg 
dnsapi 
afd 
ws2instl 
wspm 
nspm 
ws2k 
ws2serv 
dhcp 
dhcpv6 
ndisuio 
veim 
dhcpsrv 
autoras 
rsaenh 
pegterm 
termctrl 
tapi 
msasn1 
ncrypt 
keyiso 
alpcd 
snmpapi 
k.iphlpapi 
iphlpapi 
iphlpapi 
toolhelp 
netbios 
tchcaldll 
tchproxy 
kbdus 
ddi_ragexl 
ddi_hflat 
ddi_nop 
TouchRecognizer 
PhysicsEngine 
battdrvr 
nleddrvr 
timezones 
udevice 
regenum 
busenum 
giisr 
mmtimer 
pcibus 
gdcfg 
com16550 
Kbd8042 
KbdNop 
zlib 
romfsd 
bcrypt 
ccfgsvc 
nlslocale 
nlssorting 
nlsnormalize 
ceperf_module 
kd 
hd 
osaxst0 
osaxst1 
