c:\users\sankalp\source\repos\app1\arm\debug\app1\app1.winmd
c:\users\sankalp\source\repos\app1\app1\generated files\app.g.h
c:\users\sankalp\source\repos\app1\app1\generated files\mainpage.g.h
c:\users\sankalp\source\repos\app1\app1\generated files\xamllibmetadataprovider.g.cpp
c:\users\sankalp\source\repos\app1\app1\generated files\xamltypeinfo.impl.g.cpp
c:\users\sankalp\source\repos\app1\app1\generated files\app.xaml
c:\users\sankalp\source\repos\app1\app1\generated files\mainpage.xaml
c:\users\sankalp\source\repos\app1\app1\generated files\app.xbf
c:\users\sankalp\source\repos\app1\app1\generated files\mainpage.xbf
c:\users\sankalp\source\repos\app1\app1\arm\debug\xamlsavestatefile.xml
c:\users\sankalp\source\repos\app1\app1\generated files\xamltypeinfo.g.cpp
c:\users\sankalp\source\repos\app1\arm\debug\app1\app.xbf
c:\users\sankalp\source\repos\app1\arm\debug\app1\mainpage.xbf
c:\users\sankalp\source\repos\app1\app1\arm\debug\resourcehandlingtask.state
c:\users\sankalp\source\repos\app1\app1\arm\debug\app1.vcxproj.generateresource.cache
c:\users\sankalp\source\repos\app1\app1\arm\debug\priconfig.xml
c:\users\sankalp\source\repos\app1\app1\arm\debug\priconfig.xml.intermediate
c:\users\sankalp\source\repos\app1\app1\arm\debug\unfiltered.layout.resfiles
c:\users\sankalp\source\repos\app1\app1\arm\debug\unfiltered.layout.resfiles.intermediate
c:\users\sankalp\source\repos\app1\app1\arm\debug\filtered.layout.resfiles
c:\users\sankalp\source\repos\app1\app1\arm\debug\filtered.layout.resfiles.intermediate
c:\users\sankalp\source\repos\app1\app1\arm\debug\excluded.layout.resfiles
c:\users\sankalp\source\repos\app1\app1\arm\debug\excluded.layout.resfiles.intermediate
c:\users\sankalp\source\repos\app1\app1\arm\debug\resources.resfiles
c:\users\sankalp\source\repos\app1\app1\arm\debug\resources.resfiles.intermediate
c:\users\sankalp\source\repos\app1\app1\arm\debug\pri.resfiles
c:\users\sankalp\source\repos\app1\app1\arm\debug\pri.resfiles.intermediate
c:\users\sankalp\source\repos\app1\arm\debug\app1\resources.pri
c:\users\sankalp\source\repos\app1\app1\arm\debug\qualifiers.txt
c:\users\sankalp\source\repos\app1\app1\arm\debug\qualifiers.txt.intermediate
c:\users\sankalp\source\repos\app1\app1\arm\debug\multiplequalifiersperdimensionfound.txt
c:\users\sankalp\source\repos\app1\app1\arm\debug\projectarchitectures.txt
c:\users\sankalp\source\repos\app1\arm\debug\app1\appxmanifest.xml
c:\users\sankalp\source\repos\app1\arm\debug\app1\app1.build.appxrecipe
c:\users\sankalp\source\repos\app1\app1\arm\debug\app1.vcxprojassemblyreference.cache
c:\users\sankalp\source\repos\app1\app1\arm\debug\app1.pch
c:\users\sankalp\source\repos\app1\app1\arm\debug\vc142.pdb
c:\users\sankalp\source\repos\app1\app1\arm\debug\pch.obj
c:\users\sankalp\source\repos\app1\app1\arm\debug\app.xaml.obj
c:\users\sankalp\source\repos\app1\app1\arm\debug\mainpage.xaml.obj
c:\users\sankalp\source\repos\app1\app1\arm\debug\xamltypeinfo.impl.g.obj
c:\users\sankalp\source\repos\app1\app1\arm\debug\dhry_1.obj
c:\users\sankalp\source\repos\app1\app1\arm\debug\xamltypeinfo.g.obj
c:\users\sankalp\source\repos\app1\app1\arm\debug\dhry_2.obj
c:\users\sankalp\source\repos\app1\app1\arm\debug\app1.tlog\app1.winmd.lastbuild
c:\users\sankalp\source\repos\app1\arm\debug\app1\app1.ilk
c:\users\sankalp\source\repos\app1\arm\debug\app1\app1.exe
c:\users\sankalp\source\repos\app1\arm\debug\app1\app1.pdb
c:\users\sankalp\source\repos\app1\app1\arm\debug\app1.tlog\app1.read.1u.tlog
c:\users\sankalp\source\repos\app1\app1\arm\debug\app1.tlog\app1.write.1u.tlog
c:\users\sankalp\source\repos\app1\app1\arm\debug\app1.tlog\cl.command.1.tlog
c:\users\sankalp\source\repos\app1\app1\arm\debug\app1.tlog\cl.read.1.tlog
c:\users\sankalp\source\repos\app1\app1\arm\debug\app1.tlog\cl.write.1.tlog
c:\users\sankalp\source\repos\app1\app1\arm\debug\app1.tlog\link.command.1.tlog
c:\users\sankalp\source\repos\app1\app1\arm\debug\app1.tlog\link.read.1.tlog
c:\users\sankalp\source\repos\app1\app1\arm\debug\app1.tlog\link.write.1.tlog
c:\users\sankalp\source\repos\app1\app1\arm\debug\app1.tlog\xaml.read.1u.tlog
c:\users\sankalp\source\repos\app1\app1\generated files\xamlbindinginfo.g.h
c:\users\sankalp\source\repos\app1\app1\generated files\xamltypeinfo.g.h
